25-Mar-2024 20:06:56.329 SEVERE [http-nio-8888-exec-5] org.apache.catalina.core.ApplicationDispatcher.invoke Servlet.service() for servlet [jsp] threw exception
	org.apache.jasper.JasperException: /WEB-INF/resetpassword.jsp (line: [9], column: [1]) Page directive: illegal to have multiple occurrences of 'contentType' with different values (old: [text/html;charset=UTF-8], new: [text/html; charset=ISO-8859-1])
		at org.apache.jasper.compiler.DefaultErrorHandler.jspError(DefaultErrorHandler.java:41)
		at org.apache.jasper.compiler.ErrorDispatcher.dispatch(ErrorDispatcher.java:292)
		at org.apache.jasper.compiler.ErrorDispatcher.jspError(ErrorDispatcher.java:115)
		at org.apache.jasper.compiler.Validator$DirectiveVisitor.visit(Validator.java:139)
		at org.apache.jasper.compiler.Node$PageDirective.accept(Node.java:582)
		at org.apache.jasper.compiler.Node$Nodes.visit(Node.java:2387)
		at org.apache.jasper.compiler.Node$Visitor.visitBody(Node.java:2439)
		at org.apache.jasper.compiler.Node$Visitor.visit(Node.java:2445)
		at org.apache.jasper.compiler.Node$Root.accept(Node.java:473)
		at org.apache.jasper.compiler.Node$Nodes.visit(Node.java:2387)
		at org.apache.jasper.compiler.Validator.validateDirectives(Validator.java:1829)
		at org.apache.jasper.compiler.Compiler.generateJava(Compiler.java:203)
		at org.apache.jasper.compiler.Compiler.compile(Compiler.java:391)
		at org.apache.jasper.compiler.Compiler.compile(Compiler.java:367)
		at org.apache.jasper.compiler.Compiler.compile(Compiler.java:351)
		at org.apache.jasper.JspCompilationContext.compile(JspCompilationContext.java:603)
		at org.apache.jasper.servlet.JspServletWrapper.service(JspServletWrapper.java:399)
		at org.apache.jasper.servlet.JspServlet.serviceJspFile(JspServlet.java:380)
		at org.apache.jasper.servlet.JspServlet.service(JspServlet.java:328)
		at jakarta.servlet.http.HttpServlet.service(HttpServlet.java:777)
		at org.apache.catalina.core.ApplicationFilterChain.internalDoFilter(ApplicationFilterChain.java:223)
		at org.apache.catalina.core.ApplicationFilterChain.doFilter(ApplicationFilterChain.java:158)
		at org.apache.tomcat.websocket.server.WsFilter.doFilter(WsFilter.java:53)
		at org.apache.catalina.core.ApplicationFilterChain.internalDoFilter(ApplicationFilterChain.java:185)
		at org.apache.catalina.core.ApplicationFilterChain.doFilter(ApplicationFilterChain.java:158)
		at org.apache.catalina.core.ApplicationDispatcher.invoke(ApplicationDispatcher.java:691)
		at org.apache.catalina.core.ApplicationDispatcher.processRequest(ApplicationDispatcher.java:441)
		at org.apache.catalina.core.ApplicationDispatcher.doForward(ApplicationDispatcher.java:367)
		at org.apache.catalina.core.ApplicationDispatcher.forward(ApplicationDispatcher.java:295)
		at com.web.Sevlet.ResetPasswordServlet.doGet(ResetPasswordServlet.java:26)
		at jakarta.servlet.http.HttpServlet.service(HttpServlet.java:668)
		at jakarta.servlet.http.HttpServlet.service(HttpServlet.java:777)
		at org.apache.catalina.core.ApplicationFilterChain.internalDoFilter(ApplicationFilterChain.java:223)
		at org.apache.catalina.core.ApplicationFilterChain.doFilter(ApplicationFilterChain.java:158)
		at org.apache.tomcat.websocket.server.WsFilter.doFilter(WsFilter.java:53)
		at org.apache.catalina.core.ApplicationFilterChain.internalDoFilter(ApplicationFilterChain.java:185)
		at org.apache.catalina.core.ApplicationFilterChain.doFilter(ApplicationFilterChain.java:158)
		at com.web.filters.ExceptionFilter.doFilter(ExceptionFilter.java:27)
		at org.apache.catalina.core.ApplicationFilterChain.internalDoFilter(ApplicationFilterChain.java:185)
		at org.apache.catalina.core.ApplicationFilterChain.doFilter(ApplicationFilterChain.java:158)
		at org.apache.catalina.core.StandardWrapperValve.invoke(StandardWrapperValve.java:197)
		at org.apache.catalina.core.StandardContextValve.invoke(StandardContextValve.java:97)
		at org.apache.catalina.authenticator.AuthenticatorBase.invoke(AuthenticatorBase.java:541)
		at org.apache.catalina.core.StandardHostValve.invoke(StandardHostValve.java:119)
		at org.apache.catalina.valves.ErrorReportValve.invoke(ErrorReportValve.java:92)
		at org.apache.catalina.valves.AbstractAccessLogValve.invoke(AbstractAccessLogValve.java:690)
		at org.apache.catalina.core.StandardEngineValve.invoke(StandardEngineValve.java:78)
		at org.apache.catalina.connector.CoyoteAdapter.service(CoyoteAdapter.java:355)
		at org.apache.coyote.http11.Http11Processor.service(Http11Processor.java:399)
		at org.apache.coyote.AbstractProcessorLight.process(AbstractProcessorLight.java:65)
		at org.apache.coyote.AbstractProtocol$ConnectionHandler.process(AbstractProtocol.java:866)
		at org.apache.tomcat.util.net.NioEndpoint$SocketProcessor.doRun(NioEndpoint.java:1708)
		at org.apache.tomcat.util.net.SocketProcessorBase.run(SocketProcessorBase.java:49)
		at org.apache.tomcat.util.threads.ThreadPoolExecutor.runWorker(ThreadPoolExecutor.java:1191)
		at org.apache.tomcat.util.threads.ThreadPoolExecutor$Worker.run(ThreadPoolExecutor.java:659)
		at org.apache.tomcat.util.threads.TaskThread$WrappingRunnable.run(TaskThread.java:61)
		at java.base/java.lang.Thread.run(Thread.java:1589)
25-Mar-2024 20:06:56.610 SEVERE [http-nio-8888-exec-5] org.apache.catalina.core.ApplicationDispatcher.invoke Servlet.service() for servlet [jsp] threw exception
	org.apache.jasper.JasperException: Unable to compile class for JSP: 

An error occurred at line: [14] in the generated java file: [/Users/houdamoudni/Desktop/DiceGame/work/Catalina/localhost/DiceGame/org/apache/jsp/WEB_002dINF/error_jsp.java]
Only a type can be imported. com.bo.Message resolves to a package

Stacktrace:
		at org.apache.jasper.compiler.DefaultErrorHandler.javacError(DefaultErrorHandler.java:102)
		at org.apache.jasper.compiler.ErrorDispatcher.javacError(ErrorDispatcher.java:213)
		at org.apache.jasper.compiler.JDTCompiler.generateClass(JDTCompiler.java:498)
		at org.apache.jasper.compiler.Compiler.compile(Compiler.java:397)
		at org.apache.jasper.compiler.Compiler.compile(Compiler.java:367)
		at org.apache.jasper.compiler.Compiler.compile(Compiler.java:351)
		at org.apache.jasper.JspCompilationContext.compile(JspCompilationContext.java:603)
		at org.apache.jasper.servlet.JspServletWrapper.service(JspServletWrapper.java:399)
		at org.apache.jasper.servlet.JspServlet.serviceJspFile(JspServlet.java:380)
		at org.apache.jasper.servlet.JspServlet.service(JspServlet.java:328)
		at jakarta.servlet.http.HttpServlet.service(HttpServlet.java:777)
		at org.apache.catalina.core.ApplicationFilterChain.internalDoFilter(ApplicationFilterChain.java:223)
		at org.apache.catalina.core.ApplicationFilterChain.doFilter(ApplicationFilterChain.java:158)
		at org.apache.tomcat.websocket.server.WsFilter.doFilter(WsFilter.java:53)
		at org.apache.catalina.core.ApplicationFilterChain.internalDoFilter(ApplicationFilterChain.java:185)
		at org.apache.catalina.core.ApplicationFilterChain.doFilter(ApplicationFilterChain.java:158)
		at org.apache.catalina.core.ApplicationDispatcher.invoke(ApplicationDispatcher.java:691)
		at org.apache.catalina.core.ApplicationDispatcher.processRequest(ApplicationDispatcher.java:441)
		at org.apache.catalina.core.ApplicationDispatcher.doForward(ApplicationDispatcher.java:367)
		at org.apache.catalina.core.ApplicationDispatcher.forward(ApplicationDispatcher.java:295)
		at com.web.filters.ExceptionFilter.doFilter(ExceptionFilter.java:35)
		at org.apache.catalina.core.ApplicationFilterChain.internalDoFilter(ApplicationFilterChain.java:185)
		at org.apache.catalina.core.ApplicationFilterChain.doFilter(ApplicationFilterChain.java:158)
		at org.apache.catalina.core.StandardWrapperValve.invoke(StandardWrapperValve.java:197)
		at org.apache.catalina.core.StandardContextValve.invoke(StandardContextValve.java:97)
		at org.apache.catalina.authenticator.AuthenticatorBase.invoke(AuthenticatorBase.java:541)
		at org.apache.catalina.core.StandardHostValve.invoke(StandardHostValve.java:119)
		at org.apache.catalina.valves.ErrorReportValve.invoke(ErrorReportValve.java:92)
		at org.apache.catalina.valves.AbstractAccessLogValve.invoke(AbstractAccessLogValve.java:690)
		at org.apache.catalina.core.StandardEngineValve.invoke(StandardEngineValve.java:78)
		at org.apache.catalina.connector.CoyoteAdapter.service(CoyoteAdapter.java:355)
		at org.apache.coyote.http11.Http11Processor.service(Http11Processor.java:399)
		at org.apache.coyote.AbstractProcessorLight.process(AbstractProcessorLight.java:65)
		at org.apache.coyote.AbstractProtocol$ConnectionHandler.process(AbstractProtocol.java:866)
		at org.apache.tomcat.util.net.NioEndpoint$SocketProcessor.doRun(NioEndpoint.java:1708)
		at org.apache.tomcat.util.net.SocketProcessorBase.run(SocketProcessorBase.java:49)
		at org.apache.tomcat.util.threads.ThreadPoolExecutor.runWorker(ThreadPoolExecutor.java:1191)
		at org.apache.tomcat.util.threads.ThreadPoolExecutor$Worker.run(ThreadPoolExecutor.java:659)
		at org.apache.tomcat.util.threads.TaskThread$WrappingRunnable.run(TaskThread.java:61)
		at java.base/java.lang.Thread.run(Thread.java:1589)
25-Mar-2024 20:06:56.610 SEVERE [http-nio-8888-exec-5] org.apache.catalina.core.StandardWrapperValve.invoke Servlet.service() for servlet [com.web.Sevlet.ResetPasswordServlet] in context with path [/DiceGame] threw exception [Unable to compile class for JSP: 

An error occurred at line: [14] in the generated java file: [/Users/houdamoudni/Desktop/DiceGame/work/Catalina/localhost/DiceGame/org/apache/jsp/WEB_002dINF/error_jsp.java]
Only a type can be imported. com.bo.Message resolves to a package

Stacktrace:] with root cause
	org.apache.jasper.JasperException: Unable to compile class for JSP: 

An error occurred at line: [14] in the generated java file: [/Users/houdamoudni/Desktop/DiceGame/work/Catalina/localhost/DiceGame/org/apache/jsp/WEB_002dINF/error_jsp.java]
Only a type can be imported. com.bo.Message resolves to a package

Stacktrace:
		at org.apache.jasper.compiler.DefaultErrorHandler.javacError(DefaultErrorHandler.java:102)
		at org.apache.jasper.compiler.ErrorDispatcher.javacError(ErrorDispatcher.java:213)
		at org.apache.jasper.compiler.JDTCompiler.generateClass(JDTCompiler.java:498)
		at org.apache.jasper.compiler.Compiler.compile(Compiler.java:397)
		at org.apache.jasper.compiler.Compiler.compile(Compiler.java:367)
		at org.apache.jasper.compiler.Compiler.compile(Compiler.java:351)
		at org.apache.jasper.JspCompilationContext.compile(JspCompilationContext.java:603)
		at org.apache.jasper.servlet.JspServletWrapper.service(JspServletWrapper.java:399)
		at org.apache.jasper.servlet.JspServlet.serviceJspFile(JspServlet.java:380)
		at org.apache.jasper.servlet.JspServlet.service(JspServlet.java:328)
		at jakarta.servlet.http.HttpServlet.service(HttpServlet.java:777)
		at org.apache.catalina.core.ApplicationFilterChain.internalDoFilter(ApplicationFilterChain.java:223)
		at org.apache.catalina.core.ApplicationFilterChain.doFilter(ApplicationFilterChain.java:158)
		at org.apache.tomcat.websocket.server.WsFilter.doFilter(WsFilter.java:53)
		at org.apache.catalina.core.ApplicationFilterChain.internalDoFilter(ApplicationFilterChain.java:185)
		at org.apache.catalina.core.ApplicationFilterChain.doFilter(ApplicationFilterChain.java:158)
		at org.apache.catalina.core.ApplicationDispatcher.invoke(ApplicationDispatcher.java:691)
		at org.apache.catalina.core.ApplicationDispatcher.processRequest(ApplicationDispatcher.java:441)
		at org.apache.catalina.core.ApplicationDispatcher.doForward(ApplicationDispatcher.java:367)
		at org.apache.catalina.core.ApplicationDispatcher.forward(ApplicationDispatcher.java:295)
		at com.web.filters.ExceptionFilter.doFilter(ExceptionFilter.java:35)
		at org.apache.catalina.core.ApplicationFilterChain.internalDoFilter(ApplicationFilterChain.java:185)
		at org.apache.catalina.core.ApplicationFilterChain.doFilter(ApplicationFilterChain.java:158)
		at org.apache.catalina.core.StandardWrapperValve.invoke(StandardWrapperValve.java:197)
		at org.apache.catalina.core.StandardContextValve.invoke(StandardContextValve.java:97)
		at org.apache.catalina.authenticator.AuthenticatorBase.invoke(AuthenticatorBase.java:541)
		at org.apache.catalina.core.StandardHostValve.invoke(StandardHostValve.java:119)
		at org.apache.catalina.valves.ErrorReportValve.invoke(ErrorReportValve.java:92)
		at org.apache.catalina.valves.AbstractAccessLogValve.invoke(AbstractAccessLogValve.java:690)
		at org.apache.catalina.core.StandardEngineValve.invoke(StandardEngineValve.java:78)
		at org.apache.catalina.connector.CoyoteAdapter.service(CoyoteAdapter.java:355)
		at org.apache.coyote.http11.Http11Processor.service(Http11Processor.java:399)
		at org.apache.coyote.AbstractProcessorLight.process(AbstractProcessorLight.java:65)
		at org.apache.coyote.AbstractProtocol$ConnectionHandler.process(AbstractProtocol.java:866)
		at org.apache.tomcat.util.net.NioEndpoint$SocketProcessor.doRun(NioEndpoint.java:1708)
		at org.apache.tomcat.util.net.SocketProcessorBase.run(SocketProcessorBase.java:49)
		at org.apache.tomcat.util.threads.ThreadPoolExecutor.runWorker(ThreadPoolExecutor.java:1191)
		at org.apache.tomcat.util.threads.ThreadPoolExecutor$Worker.run(ThreadPoolExecutor.java:659)
		at org.apache.tomcat.util.threads.TaskThread$WrappingRunnable.run(TaskThread.java:61)
		at java.base/java.lang.Thread.run(Thread.java:1589)
25-Mar-2024 20:16:20.861 SEVERE [http-nio-8888-exec-9] org.apache.catalina.core.ApplicationDispatcher.invoke Servlet.service() for servlet [jsp] threw exception
	org.apache.jasper.JasperException: /WEB-INF/resetpassword.jsp (line: [9], column: [1]) Page directive: illegal to have multiple occurrences of 'contentType' with different values (old: [text/html;charset=UTF-8], new: [text/html; charset=ISO-8859-1])
		at org.apache.jasper.compiler.DefaultErrorHandler.jspError(DefaultErrorHandler.java:41)
		at org.apache.jasper.compiler.ErrorDispatcher.dispatch(ErrorDispatcher.java:292)
		at org.apache.jasper.compiler.ErrorDispatcher.jspError(ErrorDispatcher.java:115)
		at org.apache.jasper.compiler.Validator$DirectiveVisitor.visit(Validator.java:139)
		at org.apache.jasper.compiler.Node$PageDirective.accept(Node.java:582)
		at org.apache.jasper.compiler.Node$Nodes.visit(Node.java:2387)
		at org.apache.jasper.compiler.Node$Visitor.visitBody(Node.java:2439)
		at org.apache.jasper.compiler.Node$Visitor.visit(Node.java:2445)
		at org.apache.jasper.compiler.Node$Root.accept(Node.java:473)
		at org.apache.jasper.compiler.Node$Nodes.visit(Node.java:2387)
		at org.apache.jasper.compiler.Validator.validateDirectives(Validator.java:1829)
		at org.apache.jasper.compiler.Compiler.generateJava(Compiler.java:203)
		at org.apache.jasper.compiler.Compiler.compile(Compiler.java:391)
		at org.apache.jasper.compiler.Compiler.compile(Compiler.java:367)
		at org.apache.jasper.compiler.Compiler.compile(Compiler.java:351)
		at org.apache.jasper.JspCompilationContext.compile(JspCompilationContext.java:603)
		at org.apache.jasper.servlet.JspServletWrapper.service(JspServletWrapper.java:399)
		at org.apache.jasper.servlet.JspServlet.serviceJspFile(JspServlet.java:380)
		at org.apache.jasper.servlet.JspServlet.service(JspServlet.java:328)
		at jakarta.servlet.http.HttpServlet.service(HttpServlet.java:777)
		at org.apache.catalina.core.ApplicationFilterChain.internalDoFilter(ApplicationFilterChain.java:223)
		at org.apache.catalina.core.ApplicationFilterChain.doFilter(ApplicationFilterChain.java:158)
		at org.apache.tomcat.websocket.server.WsFilter.doFilter(WsFilter.java:53)
		at org.apache.catalina.core.ApplicationFilterChain.internalDoFilter(ApplicationFilterChain.java:185)
		at org.apache.catalina.core.ApplicationFilterChain.doFilter(ApplicationFilterChain.java:158)
		at org.apache.catalina.core.ApplicationDispatcher.invoke(ApplicationDispatcher.java:691)
		at org.apache.catalina.core.ApplicationDispatcher.processRequest(ApplicationDispatcher.java:441)
		at org.apache.catalina.core.ApplicationDispatcher.doForward(ApplicationDispatcher.java:367)
		at org.apache.catalina.core.ApplicationDispatcher.forward(ApplicationDispatcher.java:295)
		at com.web.Sevlet.ResetPasswordServlet.doGet(ResetPasswordServlet.java:26)
		at jakarta.servlet.http.HttpServlet.service(HttpServlet.java:668)
		at jakarta.servlet.http.HttpServlet.service(HttpServlet.java:777)
		at org.apache.catalina.core.ApplicationFilterChain.internalDoFilter(ApplicationFilterChain.java:223)
		at org.apache.catalina.core.ApplicationFilterChain.doFilter(ApplicationFilterChain.java:158)
		at org.apache.tomcat.websocket.server.WsFilter.doFilter(WsFilter.java:53)
		at org.apache.catalina.core.ApplicationFilterChain.internalDoFilter(ApplicationFilterChain.java:185)
		at org.apache.catalina.core.ApplicationFilterChain.doFilter(ApplicationFilterChain.java:158)
		at com.web.filters.ExceptionFilter.doFilter(ExceptionFilter.java:27)
		at org.apache.catalina.core.ApplicationFilterChain.internalDoFilter(ApplicationFilterChain.java:185)
		at org.apache.catalina.core.ApplicationFilterChain.doFilter(ApplicationFilterChain.java:158)
		at org.apache.catalina.core.StandardWrapperValve.invoke(StandardWrapperValve.java:197)
		at org.apache.catalina.core.StandardContextValve.invoke(StandardContextValve.java:97)
		at org.apache.catalina.authenticator.AuthenticatorBase.invoke(AuthenticatorBase.java:541)
		at org.apache.catalina.core.StandardHostValve.invoke(StandardHostValve.java:119)
		at org.apache.catalina.valves.ErrorReportValve.invoke(ErrorReportValve.java:92)
		at org.apache.catalina.valves.AbstractAccessLogValve.invoke(AbstractAccessLogValve.java:690)
		at org.apache.catalina.core.StandardEngineValve.invoke(StandardEngineValve.java:78)
		at org.apache.catalina.connector.CoyoteAdapter.service(CoyoteAdapter.java:355)
		at org.apache.coyote.http11.Http11Processor.service(Http11Processor.java:399)
		at org.apache.coyote.AbstractProcessorLight.process(AbstractProcessorLight.java:65)
		at org.apache.coyote.AbstractProtocol$ConnectionHandler.process(AbstractProtocol.java:866)
		at org.apache.tomcat.util.net.NioEndpoint$SocketProcessor.doRun(NioEndpoint.java:1708)
		at org.apache.tomcat.util.net.SocketProcessorBase.run(SocketProcessorBase.java:49)
		at org.apache.tomcat.util.threads.ThreadPoolExecutor.runWorker(ThreadPoolExecutor.java:1191)
		at org.apache.tomcat.util.threads.ThreadPoolExecutor$Worker.run(ThreadPoolExecutor.java:659)
		at org.apache.tomcat.util.threads.TaskThread$WrappingRunnable.run(TaskThread.java:61)
		at java.base/java.lang.Thread.run(Thread.java:1589)
25-Mar-2024 20:16:21.103 SEVERE [http-nio-8888-exec-9] org.apache.catalina.core.ApplicationDispatcher.invoke Servlet.service() for servlet [jsp] threw exception
	org.apache.jasper.JasperException: Unable to compile class for JSP: 

An error occurred at line: [14] in the generated java file: [/Users/houdamoudni/Desktop/DiceGame/work/Catalina/localhost/DiceGame/org/apache/jsp/WEB_002dINF/error_jsp.java]
Only a type can be imported. com.bo.Message resolves to a package

Stacktrace:
		at org.apache.jasper.compiler.DefaultErrorHandler.javacError(DefaultErrorHandler.java:102)
		at org.apache.jasper.compiler.ErrorDispatcher.javacError(ErrorDispatcher.java:213)
		at org.apache.jasper.compiler.JDTCompiler.generateClass(JDTCompiler.java:498)
		at org.apache.jasper.compiler.Compiler.compile(Compiler.java:397)
		at org.apache.jasper.compiler.Compiler.compile(Compiler.java:367)
		at org.apache.jasper.compiler.Compiler.compile(Compiler.java:351)
		at org.apache.jasper.JspCompilationContext.compile(JspCompilationContext.java:603)
		at org.apache.jasper.servlet.JspServletWrapper.service(JspServletWrapper.java:399)
		at org.apache.jasper.servlet.JspServlet.serviceJspFile(JspServlet.java:380)
		at org.apache.jasper.servlet.JspServlet.service(JspServlet.java:328)
		at jakarta.servlet.http.HttpServlet.service(HttpServlet.java:777)
		at org.apache.catalina.core.ApplicationFilterChain.internalDoFilter(ApplicationFilterChain.java:223)
		at org.apache.catalina.core.ApplicationFilterChain.doFilter(ApplicationFilterChain.java:158)
		at org.apache.tomcat.websocket.server.WsFilter.doFilter(WsFilter.java:53)
		at org.apache.catalina.core.ApplicationFilterChain.internalDoFilter(ApplicationFilterChain.java:185)
		at org.apache.catalina.core.ApplicationFilterChain.doFilter(ApplicationFilterChain.java:158)
		at org.apache.catalina.core.ApplicationDispatcher.invoke(ApplicationDispatcher.java:691)
		at org.apache.catalina.core.ApplicationDispatcher.processRequest(ApplicationDispatcher.java:441)
		at org.apache.catalina.core.ApplicationDispatcher.doForward(ApplicationDispatcher.java:367)
		at org.apache.catalina.core.ApplicationDispatcher.forward(ApplicationDispatcher.java:295)
		at com.web.filters.ExceptionFilter.doFilter(ExceptionFilter.java:35)
		at org.apache.catalina.core.ApplicationFilterChain.internalDoFilter(ApplicationFilterChain.java:185)
		at org.apache.catalina.core.ApplicationFilterChain.doFilter(ApplicationFilterChain.java:158)
		at org.apache.catalina.core.StandardWrapperValve.invoke(StandardWrapperValve.java:197)
		at org.apache.catalina.core.StandardContextValve.invoke(StandardContextValve.java:97)
		at org.apache.catalina.authenticator.AuthenticatorBase.invoke(AuthenticatorBase.java:541)
		at org.apache.catalina.core.StandardHostValve.invoke(StandardHostValve.java:119)
		at org.apache.catalina.valves.ErrorReportValve.invoke(ErrorReportValve.java:92)
		at org.apache.catalina.valves.AbstractAccessLogValve.invoke(AbstractAccessLogValve.java:690)
		at org.apache.catalina.core.StandardEngineValve.invoke(StandardEngineValve.java:78)
		at org.apache.catalina.connector.CoyoteAdapter.service(CoyoteAdapter.java:355)
		at org.apache.coyote.http11.Http11Processor.service(Http11Processor.java:399)
		at org.apache.coyote.AbstractProcessorLight.process(AbstractProcessorLight.java:65)
		at org.apache.coyote.AbstractProtocol$ConnectionHandler.process(AbstractProtocol.java:866)
		at org.apache.tomcat.util.net.NioEndpoint$SocketProcessor.doRun(NioEndpoint.java:1708)
		at org.apache.tomcat.util.net.SocketProcessorBase.run(SocketProcessorBase.java:49)
		at org.apache.tomcat.util.threads.ThreadPoolExecutor.runWorker(ThreadPoolExecutor.java:1191)
		at org.apache.tomcat.util.threads.ThreadPoolExecutor$Worker.run(ThreadPoolExecutor.java:659)
		at org.apache.tomcat.util.threads.TaskThread$WrappingRunnable.run(TaskThread.java:61)
		at java.base/java.lang.Thread.run(Thread.java:1589)
25-Mar-2024 20:16:21.103 SEVERE [http-nio-8888-exec-9] org.apache.catalina.core.StandardWrapperValve.invoke Servlet.service() for servlet [com.web.Sevlet.ResetPasswordServlet] in context with path [/DiceGame] threw exception [Unable to compile class for JSP: 

An error occurred at line: [14] in the generated java file: [/Users/houdamoudni/Desktop/DiceGame/work/Catalina/localhost/DiceGame/org/apache/jsp/WEB_002dINF/error_jsp.java]
Only a type can be imported. com.bo.Message resolves to a package

Stacktrace:] with root cause
	org.apache.jasper.JasperException: Unable to compile class for JSP: 

An error occurred at line: [14] in the generated java file: [/Users/houdamoudni/Desktop/DiceGame/work/Catalina/localhost/DiceGame/org/apache/jsp/WEB_002dINF/error_jsp.java]
Only a type can be imported. com.bo.Message resolves to a package

Stacktrace:
		at org.apache.jasper.compiler.DefaultErrorHandler.javacError(DefaultErrorHandler.java:102)
		at org.apache.jasper.compiler.ErrorDispatcher.javacError(ErrorDispatcher.java:213)
		at org.apache.jasper.compiler.JDTCompiler.generateClass(JDTCompiler.java:498)
		at org.apache.jasper.compiler.Compiler.compile(Compiler.java:397)
		at org.apache.jasper.compiler.Compiler.compile(Compiler.java:367)
		at org.apache.jasper.compiler.Compiler.compile(Compiler.java:351)
		at org.apache.jasper.JspCompilationContext.compile(JspCompilationContext.java:603)
		at org.apache.jasper.servlet.JspServletWrapper.service(JspServletWrapper.java:399)
		at org.apache.jasper.servlet.JspServlet.serviceJspFile(JspServlet.java:380)
		at org.apache.jasper.servlet.JspServlet.service(JspServlet.java:328)
		at jakarta.servlet.http.HttpServlet.service(HttpServlet.java:777)
		at org.apache.catalina.core.ApplicationFilterChain.internalDoFilter(ApplicationFilterChain.java:223)
		at org.apache.catalina.core.ApplicationFilterChain.doFilter(ApplicationFilterChain.java:158)
		at org.apache.tomcat.websocket.server.WsFilter.doFilter(WsFilter.java:53)
		at org.apache.catalina.core.ApplicationFilterChain.internalDoFilter(ApplicationFilterChain.java:185)
		at org.apache.catalina.core.ApplicationFilterChain.doFilter(ApplicationFilterChain.java:158)
		at org.apache.catalina.core.ApplicationDispatcher.invoke(ApplicationDispatcher.java:691)
		at org.apache.catalina.core.ApplicationDispatcher.processRequest(ApplicationDispatcher.java:441)
		at org.apache.catalina.core.ApplicationDispatcher.doForward(ApplicationDispatcher.java:367)
		at org.apache.catalina.core.ApplicationDispatcher.forward(ApplicationDispatcher.java:295)
		at com.web.filters.ExceptionFilter.doFilter(ExceptionFilter.java:35)
		at org.apache.catalina.core.ApplicationFilterChain.internalDoFilter(ApplicationFilterChain.java:185)
		at org.apache.catalina.core.ApplicationFilterChain.doFilter(ApplicationFilterChain.java:158)
		at org.apache.catalina.core.StandardWrapperValve.invoke(StandardWrapperValve.java:197)
		at org.apache.catalina.core.StandardContextValve.invoke(StandardContextValve.java:97)
		at org.apache.catalina.authenticator.AuthenticatorBase.invoke(AuthenticatorBase.java:541)
		at org.apache.catalina.core.StandardHostValve.invoke(StandardHostValve.java:119)
		at org.apache.catalina.valves.ErrorReportValve.invoke(ErrorReportValve.java:92)
		at org.apache.catalina.valves.AbstractAccessLogValve.invoke(AbstractAccessLogValve.java:690)
		at org.apache.catalina.core.StandardEngineValve.invoke(StandardEngineValve.java:78)
		at org.apache.catalina.connector.CoyoteAdapter.service(CoyoteAdapter.java:355)
		at org.apache.coyote.http11.Http11Processor.service(Http11Processor.java:399)
		at org.apache.coyote.AbstractProcessorLight.process(AbstractProcessorLight.java:65)
		at org.apache.coyote.AbstractProtocol$ConnectionHandler.process(AbstractProtocol.java:866)
		at org.apache.tomcat.util.net.NioEndpoint$SocketProcessor.doRun(NioEndpoint.java:1708)
		at org.apache.tomcat.util.net.SocketProcessorBase.run(SocketProcessorBase.java:49)
		at org.apache.tomcat.util.threads.ThreadPoolExecutor.runWorker(ThreadPoolExecutor.java:1191)
		at org.apache.tomcat.util.threads.ThreadPoolExecutor$Worker.run(ThreadPoolExecutor.java:659)
		at org.apache.tomcat.util.threads.TaskThread$WrappingRunnable.run(TaskThread.java:61)
		at java.base/java.lang.Thread.run(Thread.java:1589)
25-Mar-2024 20:20:13.346 SEVERE [http-nio-8888-exec-8] org.apache.catalina.core.ApplicationDispatcher.invoke Servlet.service() for servlet [jsp] threw exception
	org.apache.jasper.JasperException: /WEB-INF/resetpassword.jsp (line: [9], column: [1]) Page directive: illegal to have multiple occurrences of 'contentType' with different values (old: [text/html;charset=UTF-8], new: [text/html; charset=ISO-8859-1])
		at org.apache.jasper.compiler.DefaultErrorHandler.jspError(DefaultErrorHandler.java:41)
		at org.apache.jasper.compiler.ErrorDispatcher.dispatch(ErrorDispatcher.java:292)
		at org.apache.jasper.compiler.ErrorDispatcher.jspError(ErrorDispatcher.java:115)
		at org.apache.jasper.compiler.Validator$DirectiveVisitor.visit(Validator.java:139)
		at org.apache.jasper.compiler.Node$PageDirective.accept(Node.java:582)
		at org.apache.jasper.compiler.Node$Nodes.visit(Node.java:2387)
		at org.apache.jasper.compiler.Node$Visitor.visitBody(Node.java:2439)
		at org.apache.jasper.compiler.Node$Visitor.visit(Node.java:2445)
		at org.apache.jasper.compiler.Node$Root.accept(Node.java:473)
		at org.apache.jasper.compiler.Node$Nodes.visit(Node.java:2387)
		at org.apache.jasper.compiler.Validator.validateDirectives(Validator.java:1829)
		at org.apache.jasper.compiler.Compiler.generateJava(Compiler.java:203)
		at org.apache.jasper.compiler.Compiler.compile(Compiler.java:391)
		at org.apache.jasper.compiler.Compiler.compile(Compiler.java:367)
		at org.apache.jasper.compiler.Compiler.compile(Compiler.java:351)
		at org.apache.jasper.JspCompilationContext.compile(JspCompilationContext.java:603)
		at org.apache.jasper.servlet.JspServletWrapper.service(JspServletWrapper.java:399)
		at org.apache.jasper.servlet.JspServlet.serviceJspFile(JspServlet.java:380)
		at org.apache.jasper.servlet.JspServlet.service(JspServlet.java:328)
		at jakarta.servlet.http.HttpServlet.service(HttpServlet.java:777)
		at org.apache.catalina.core.ApplicationFilterChain.internalDoFilter(ApplicationFilterChain.java:223)
		at org.apache.catalina.core.ApplicationFilterChain.doFilter(ApplicationFilterChain.java:158)
		at org.apache.tomcat.websocket.server.WsFilter.doFilter(WsFilter.java:53)
		at org.apache.catalina.core.ApplicationFilterChain.internalDoFilter(ApplicationFilterChain.java:185)
		at org.apache.catalina.core.ApplicationFilterChain.doFilter(ApplicationFilterChain.java:158)
		at org.apache.catalina.core.ApplicationDispatcher.invoke(ApplicationDispatcher.java:691)
		at org.apache.catalina.core.ApplicationDispatcher.processRequest(ApplicationDispatcher.java:441)
		at org.apache.catalina.core.ApplicationDispatcher.doForward(ApplicationDispatcher.java:367)
		at org.apache.catalina.core.ApplicationDispatcher.forward(ApplicationDispatcher.java:295)
		at com.web.Sevlet.ResetPasswordServlet.doGet(ResetPasswordServlet.java:26)
		at jakarta.servlet.http.HttpServlet.service(HttpServlet.java:668)
		at jakarta.servlet.http.HttpServlet.service(HttpServlet.java:777)
		at org.apache.catalina.core.ApplicationFilterChain.internalDoFilter(ApplicationFilterChain.java:223)
		at org.apache.catalina.core.ApplicationFilterChain.doFilter(ApplicationFilterChain.java:158)
		at org.apache.tomcat.websocket.server.WsFilter.doFilter(WsFilter.java:53)
		at org.apache.catalina.core.ApplicationFilterChain.internalDoFilter(ApplicationFilterChain.java:185)
		at org.apache.catalina.core.ApplicationFilterChain.doFilter(ApplicationFilterChain.java:158)
		at com.web.filters.ExceptionFilter.doFilter(ExceptionFilter.java:27)
		at org.apache.catalina.core.ApplicationFilterChain.internalDoFilter(ApplicationFilterChain.java:185)
		at org.apache.catalina.core.ApplicationFilterChain.doFilter(ApplicationFilterChain.java:158)
		at org.apache.catalina.core.StandardWrapperValve.invoke(StandardWrapperValve.java:197)
		at org.apache.catalina.core.StandardContextValve.invoke(StandardContextValve.java:97)
		at org.apache.catalina.authenticator.AuthenticatorBase.invoke(AuthenticatorBase.java:541)
		at org.apache.catalina.core.StandardHostValve.invoke(StandardHostValve.java:119)
		at org.apache.catalina.valves.ErrorReportValve.invoke(ErrorReportValve.java:92)
		at org.apache.catalina.valves.AbstractAccessLogValve.invoke(AbstractAccessLogValve.java:690)
		at org.apache.catalina.core.StandardEngineValve.invoke(StandardEngineValve.java:78)
		at org.apache.catalina.connector.CoyoteAdapter.service(CoyoteAdapter.java:355)
		at org.apache.coyote.http11.Http11Processor.service(Http11Processor.java:399)
		at org.apache.coyote.AbstractProcessorLight.process(AbstractProcessorLight.java:65)
		at org.apache.coyote.AbstractProtocol$ConnectionHandler.process(AbstractProtocol.java:866)
		at org.apache.tomcat.util.net.NioEndpoint$SocketProcessor.doRun(NioEndpoint.java:1708)
		at org.apache.tomcat.util.net.SocketProcessorBase.run(SocketProcessorBase.java:49)
		at org.apache.tomcat.util.threads.ThreadPoolExecutor.runWorker(ThreadPoolExecutor.java:1191)
		at org.apache.tomcat.util.threads.ThreadPoolExecutor$Worker.run(ThreadPoolExecutor.java:659)
		at org.apache.tomcat.util.threads.TaskThread$WrappingRunnable.run(TaskThread.java:61)
		at java.base/java.lang.Thread.run(Thread.java:1589)
25-Mar-2024 20:20:13.608 SEVERE [http-nio-8888-exec-8] org.apache.catalina.core.ApplicationDispatcher.invoke Servlet.service() for servlet [jsp] threw exception
	org.apache.jasper.JasperException: Unable to compile class for JSP: 

An error occurred at line: [14] in the generated java file: [/Users/houdamoudni/Desktop/DiceGame/work/Catalina/localhost/DiceGame/org/apache/jsp/WEB_002dINF/error_jsp.java]
Only a type can be imported. com.bo.Message resolves to a package

Stacktrace:
		at org.apache.jasper.compiler.DefaultErrorHandler.javacError(DefaultErrorHandler.java:102)
		at org.apache.jasper.compiler.ErrorDispatcher.javacError(ErrorDispatcher.java:213)
		at org.apache.jasper.compiler.JDTCompiler.generateClass(JDTCompiler.java:498)
		at org.apache.jasper.compiler.Compiler.compile(Compiler.java:397)
		at org.apache.jasper.compiler.Compiler.compile(Compiler.java:367)
		at org.apache.jasper.compiler.Compiler.compile(Compiler.java:351)
		at org.apache.jasper.JspCompilationContext.compile(JspCompilationContext.java:603)
		at org.apache.jasper.servlet.JspServletWrapper.service(JspServletWrapper.java:399)
		at org.apache.jasper.servlet.JspServlet.serviceJspFile(JspServlet.java:380)
		at org.apache.jasper.servlet.JspServlet.service(JspServlet.java:328)
		at jakarta.servlet.http.HttpServlet.service(HttpServlet.java:777)
		at org.apache.catalina.core.ApplicationFilterChain.internalDoFilter(ApplicationFilterChain.java:223)
		at org.apache.catalina.core.ApplicationFilterChain.doFilter(ApplicationFilterChain.java:158)
		at org.apache.tomcat.websocket.server.WsFilter.doFilter(WsFilter.java:53)
		at org.apache.catalina.core.ApplicationFilterChain.internalDoFilter(ApplicationFilterChain.java:185)
		at org.apache.catalina.core.ApplicationFilterChain.doFilter(ApplicationFilterChain.java:158)
		at org.apache.catalina.core.ApplicationDispatcher.invoke(ApplicationDispatcher.java:691)
		at org.apache.catalina.core.ApplicationDispatcher.processRequest(ApplicationDispatcher.java:441)
		at org.apache.catalina.core.ApplicationDispatcher.doForward(ApplicationDispatcher.java:367)
		at org.apache.catalina.core.ApplicationDispatcher.forward(ApplicationDispatcher.java:295)
		at com.web.filters.ExceptionFilter.doFilter(ExceptionFilter.java:35)
		at org.apache.catalina.core.ApplicationFilterChain.internalDoFilter(ApplicationFilterChain.java:185)
		at org.apache.catalina.core.ApplicationFilterChain.doFilter(ApplicationFilterChain.java:158)
		at org.apache.catalina.core.StandardWrapperValve.invoke(StandardWrapperValve.java:197)
		at org.apache.catalina.core.StandardContextValve.invoke(StandardContextValve.java:97)
		at org.apache.catalina.authenticator.AuthenticatorBase.invoke(AuthenticatorBase.java:541)
		at org.apache.catalina.core.StandardHostValve.invoke(StandardHostValve.java:119)
		at org.apache.catalina.valves.ErrorReportValve.invoke(ErrorReportValve.java:92)
		at org.apache.catalina.valves.AbstractAccessLogValve.invoke(AbstractAccessLogValve.java:690)
		at org.apache.catalina.core.StandardEngineValve.invoke(StandardEngineValve.java:78)
		at org.apache.catalina.connector.CoyoteAdapter.service(CoyoteAdapter.java:355)
		at org.apache.coyote.http11.Http11Processor.service(Http11Processor.java:399)
		at org.apache.coyote.AbstractProcessorLight.process(AbstractProcessorLight.java:65)
		at org.apache.coyote.AbstractProtocol$ConnectionHandler.process(AbstractProtocol.java:866)
		at org.apache.tomcat.util.net.NioEndpoint$SocketProcessor.doRun(NioEndpoint.java:1708)
		at org.apache.tomcat.util.net.SocketProcessorBase.run(SocketProcessorBase.java:49)
		at org.apache.tomcat.util.threads.ThreadPoolExecutor.runWorker(ThreadPoolExecutor.java:1191)
		at org.apache.tomcat.util.threads.ThreadPoolExecutor$Worker.run(ThreadPoolExecutor.java:659)
		at org.apache.tomcat.util.threads.TaskThread$WrappingRunnable.run(TaskThread.java:61)
		at java.base/java.lang.Thread.run(Thread.java:1589)
25-Mar-2024 20:20:13.608 SEVERE [http-nio-8888-exec-8] org.apache.catalina.core.StandardWrapperValve.invoke Servlet.service() for servlet [com.web.Sevlet.ResetPasswordServlet] in context with path [/DiceGame] threw exception [Unable to compile class for JSP: 

An error occurred at line: [14] in the generated java file: [/Users/houdamoudni/Desktop/DiceGame/work/Catalina/localhost/DiceGame/org/apache/jsp/WEB_002dINF/error_jsp.java]
Only a type can be imported. com.bo.Message resolves to a package

Stacktrace:] with root cause
	org.apache.jasper.JasperException: Unable to compile class for JSP: 

An error occurred at line: [14] in the generated java file: [/Users/houdamoudni/Desktop/DiceGame/work/Catalina/localhost/DiceGame/org/apache/jsp/WEB_002dINF/error_jsp.java]
Only a type can be imported. com.bo.Message resolves to a package

Stacktrace:
		at org.apache.jasper.compiler.DefaultErrorHandler.javacError(DefaultErrorHandler.java:102)
		at org.apache.jasper.compiler.ErrorDispatcher.javacError(ErrorDispatcher.java:213)
		at org.apache.jasper.compiler.JDTCompiler.generateClass(JDTCompiler.java:498)
		at org.apache.jasper.compiler.Compiler.compile(Compiler.java:397)
		at org.apache.jasper.compiler.Compiler.compile(Compiler.java:367)
		at org.apache.jasper.compiler.Compiler.compile(Compiler.java:351)
		at org.apache.jasper.JspCompilationContext.compile(JspCompilationContext.java:603)
		at org.apache.jasper.servlet.JspServletWrapper.service(JspServletWrapper.java:399)
		at org.apache.jasper.servlet.JspServlet.serviceJspFile(JspServlet.java:380)
		at org.apache.jasper.servlet.JspServlet.service(JspServlet.java:328)
		at jakarta.servlet.http.HttpServlet.service(HttpServlet.java:777)
		at org.apache.catalina.core.ApplicationFilterChain.internalDoFilter(ApplicationFilterChain.java:223)
		at org.apache.catalina.core.ApplicationFilterChain.doFilter(ApplicationFilterChain.java:158)
		at org.apache.tomcat.websocket.server.WsFilter.doFilter(WsFilter.java:53)
		at org.apache.catalina.core.ApplicationFilterChain.internalDoFilter(ApplicationFilterChain.java:185)
		at org.apache.catalina.core.ApplicationFilterChain.doFilter(ApplicationFilterChain.java:158)
		at org.apache.catalina.core.ApplicationDispatcher.invoke(ApplicationDispatcher.java:691)
		at org.apache.catalina.core.ApplicationDispatcher.processRequest(ApplicationDispatcher.java:441)
		at org.apache.catalina.core.ApplicationDispatcher.doForward(ApplicationDispatcher.java:367)
		at org.apache.catalina.core.ApplicationDispatcher.forward(ApplicationDispatcher.java:295)
		at com.web.filters.ExceptionFilter.doFilter(ExceptionFilter.java:35)
		at org.apache.catalina.core.ApplicationFilterChain.internalDoFilter(ApplicationFilterChain.java:185)
		at org.apache.catalina.core.ApplicationFilterChain.doFilter(ApplicationFilterChain.java:158)
		at org.apache.catalina.core.StandardWrapperValve.invoke(StandardWrapperValve.java:197)
		at org.apache.catalina.core.StandardContextValve.invoke(StandardContextValve.java:97)
		at org.apache.catalina.authenticator.AuthenticatorBase.invoke(AuthenticatorBase.java:541)
		at org.apache.catalina.core.StandardHostValve.invoke(StandardHostValve.java:119)
		at org.apache.catalina.valves.ErrorReportValve.invoke(ErrorReportValve.java:92)
		at org.apache.catalina.valves.AbstractAccessLogValve.invoke(AbstractAccessLogValve.java:690)
		at org.apache.catalina.core.StandardEngineValve.invoke(StandardEngineValve.java:78)
		at org.apache.catalina.connector.CoyoteAdapter.service(CoyoteAdapter.java:355)
		at org.apache.coyote.http11.Http11Processor.service(Http11Processor.java:399)
		at org.apache.coyote.AbstractProcessorLight.process(AbstractProcessorLight.java:65)
		at org.apache.coyote.AbstractProtocol$ConnectionHandler.process(AbstractProtocol.java:866)
		at org.apache.tomcat.util.net.NioEndpoint$SocketProcessor.doRun(NioEndpoint.java:1708)
		at org.apache.tomcat.util.net.SocketProcessorBase.run(SocketProcessorBase.java:49)
		at org.apache.tomcat.util.threads.ThreadPoolExecutor.runWorker(ThreadPoolExecutor.java:1191)
		at org.apache.tomcat.util.threads.ThreadPoolExecutor$Worker.run(ThreadPoolExecutor.java:659)
		at org.apache.tomcat.util.threads.TaskThread$WrappingRunnable.run(TaskThread.java:61)
		at java.base/java.lang.Thread.run(Thread.java:1589)
25-Mar-2024 20:22:43.361 SEVERE [http-nio-8888-exec-7] org.apache.catalina.core.ApplicationDispatcher.invoke Servlet.service() for servlet [jsp] threw exception
	org.apache.jasper.JasperException: /WEB-INF/resetpassword.jsp (line: [9], column: [1]) Page directive: illegal to have multiple occurrences of 'contentType' with different values (old: [text/html;charset=UTF-8], new: [text/html; charset=ISO-8859-1])
		at org.apache.jasper.compiler.DefaultErrorHandler.jspError(DefaultErrorHandler.java:41)
		at org.apache.jasper.compiler.ErrorDispatcher.dispatch(ErrorDispatcher.java:292)
		at org.apache.jasper.compiler.ErrorDispatcher.jspError(ErrorDispatcher.java:115)
		at org.apache.jasper.compiler.Validator$DirectiveVisitor.visit(Validator.java:139)
		at org.apache.jasper.compiler.Node$PageDirective.accept(Node.java:582)
		at org.apache.jasper.compiler.Node$Nodes.visit(Node.java:2387)
		at org.apache.jasper.compiler.Node$Visitor.visitBody(Node.java:2439)
		at org.apache.jasper.compiler.Node$Visitor.visit(Node.java:2445)
		at org.apache.jasper.compiler.Node$Root.accept(Node.java:473)
		at org.apache.jasper.compiler.Node$Nodes.visit(Node.java:2387)
		at org.apache.jasper.compiler.Validator.validateDirectives(Validator.java:1829)
		at org.apache.jasper.compiler.Compiler.generateJava(Compiler.java:203)
		at org.apache.jasper.compiler.Compiler.compile(Compiler.java:391)
		at org.apache.jasper.compiler.Compiler.compile(Compiler.java:367)
		at org.apache.jasper.compiler.Compiler.compile(Compiler.java:351)
		at org.apache.jasper.JspCompilationContext.compile(JspCompilationContext.java:603)
		at org.apache.jasper.servlet.JspServletWrapper.service(JspServletWrapper.java:399)
		at org.apache.jasper.servlet.JspServlet.serviceJspFile(JspServlet.java:380)
		at org.apache.jasper.servlet.JspServlet.service(JspServlet.java:328)
		at jakarta.servlet.http.HttpServlet.service(HttpServlet.java:777)
		at org.apache.catalina.core.ApplicationFilterChain.internalDoFilter(ApplicationFilterChain.java:223)
		at org.apache.catalina.core.ApplicationFilterChain.doFilter(ApplicationFilterChain.java:158)
		at org.apache.tomcat.websocket.server.WsFilter.doFilter(WsFilter.java:53)
		at org.apache.catalina.core.ApplicationFilterChain.internalDoFilter(ApplicationFilterChain.java:185)
		at org.apache.catalina.core.ApplicationFilterChain.doFilter(ApplicationFilterChain.java:158)
		at org.apache.catalina.core.ApplicationDispatcher.invoke(ApplicationDispatcher.java:691)
		at org.apache.catalina.core.ApplicationDispatcher.processRequest(ApplicationDispatcher.java:441)
		at org.apache.catalina.core.ApplicationDispatcher.doForward(ApplicationDispatcher.java:367)
		at org.apache.catalina.core.ApplicationDispatcher.forward(ApplicationDispatcher.java:295)
		at com.web.Sevlet.ResetPasswordServlet.doGet(ResetPasswordServlet.java:26)
		at jakarta.servlet.http.HttpServlet.service(HttpServlet.java:668)
		at jakarta.servlet.http.HttpServlet.service(HttpServlet.java:777)
		at org.apache.catalina.core.ApplicationFilterChain.internalDoFilter(ApplicationFilterChain.java:223)
		at org.apache.catalina.core.ApplicationFilterChain.doFilter(ApplicationFilterChain.java:158)
		at org.apache.tomcat.websocket.server.WsFilter.doFilter(WsFilter.java:53)
		at org.apache.catalina.core.ApplicationFilterChain.internalDoFilter(ApplicationFilterChain.java:185)
		at org.apache.catalina.core.ApplicationFilterChain.doFilter(ApplicationFilterChain.java:158)
		at com.web.filters.ExceptionFilter.doFilter(ExceptionFilter.java:27)
		at org.apache.catalina.core.ApplicationFilterChain.internalDoFilter(ApplicationFilterChain.java:185)
		at org.apache.catalina.core.ApplicationFilterChain.doFilter(ApplicationFilterChain.java:158)
		at org.apache.catalina.core.StandardWrapperValve.invoke(StandardWrapperValve.java:197)
		at org.apache.catalina.core.StandardContextValve.invoke(StandardContextValve.java:97)
		at org.apache.catalina.authenticator.AuthenticatorBase.invoke(AuthenticatorBase.java:541)
		at org.apache.catalina.core.StandardHostValve.invoke(StandardHostValve.java:119)
		at org.apache.catalina.valves.ErrorReportValve.invoke(ErrorReportValve.java:92)
		at org.apache.catalina.valves.AbstractAccessLogValve.invoke(AbstractAccessLogValve.java:690)
		at org.apache.catalina.core.StandardEngineValve.invoke(StandardEngineValve.java:78)
		at org.apache.catalina.connector.CoyoteAdapter.service(CoyoteAdapter.java:355)
		at org.apache.coyote.http11.Http11Processor.service(Http11Processor.java:399)
		at org.apache.coyote.AbstractProcessorLight.process(AbstractProcessorLight.java:65)
		at org.apache.coyote.AbstractProtocol$ConnectionHandler.process(AbstractProtocol.java:866)
		at org.apache.tomcat.util.net.NioEndpoint$SocketProcessor.doRun(NioEndpoint.java:1708)
		at org.apache.tomcat.util.net.SocketProcessorBase.run(SocketProcessorBase.java:49)
		at org.apache.tomcat.util.threads.ThreadPoolExecutor.runWorker(ThreadPoolExecutor.java:1191)
		at org.apache.tomcat.util.threads.ThreadPoolExecutor$Worker.run(ThreadPoolExecutor.java:659)
		at org.apache.tomcat.util.threads.TaskThread$WrappingRunnable.run(TaskThread.java:61)
		at java.base/java.lang.Thread.run(Thread.java:1589)
25-Mar-2024 20:22:43.618 SEVERE [http-nio-8888-exec-7] org.apache.catalina.core.ApplicationDispatcher.invoke Servlet.service() for servlet [jsp] threw exception
	org.apache.jasper.JasperException: Unable to compile class for JSP: 

An error occurred at line: [14] in the generated java file: [/Users/houdamoudni/Desktop/DiceGame/work/Catalina/localhost/DiceGame/org/apache/jsp/WEB_002dINF/error_jsp.java]
Only a type can be imported. com.bo.Message resolves to a package

Stacktrace:
		at org.apache.jasper.compiler.DefaultErrorHandler.javacError(DefaultErrorHandler.java:102)
		at org.apache.jasper.compiler.ErrorDispatcher.javacError(ErrorDispatcher.java:213)
		at org.apache.jasper.compiler.JDTCompiler.generateClass(JDTCompiler.java:498)
		at org.apache.jasper.compiler.Compiler.compile(Compiler.java:397)
		at org.apache.jasper.compiler.Compiler.compile(Compiler.java:367)
		at org.apache.jasper.compiler.Compiler.compile(Compiler.java:351)
		at org.apache.jasper.JspCompilationContext.compile(JspCompilationContext.java:603)
		at org.apache.jasper.servlet.JspServletWrapper.service(JspServletWrapper.java:399)
		at org.apache.jasper.servlet.JspServlet.serviceJspFile(JspServlet.java:380)
		at org.apache.jasper.servlet.JspServlet.service(JspServlet.java:328)
		at jakarta.servlet.http.HttpServlet.service(HttpServlet.java:777)
		at org.apache.catalina.core.ApplicationFilterChain.internalDoFilter(ApplicationFilterChain.java:223)
		at org.apache.catalina.core.ApplicationFilterChain.doFilter(ApplicationFilterChain.java:158)
		at org.apache.tomcat.websocket.server.WsFilter.doFilter(WsFilter.java:53)
		at org.apache.catalina.core.ApplicationFilterChain.internalDoFilter(ApplicationFilterChain.java:185)
		at org.apache.catalina.core.ApplicationFilterChain.doFilter(ApplicationFilterChain.java:158)
		at org.apache.catalina.core.ApplicationDispatcher.invoke(ApplicationDispatcher.java:691)
		at org.apache.catalina.core.ApplicationDispatcher.processRequest(ApplicationDispatcher.java:441)
		at org.apache.catalina.core.ApplicationDispatcher.doForward(ApplicationDispatcher.java:367)
		at org.apache.catalina.core.ApplicationDispatcher.forward(ApplicationDispatcher.java:295)
		at com.web.filters.ExceptionFilter.doFilter(ExceptionFilter.java:35)
		at org.apache.catalina.core.ApplicationFilterChain.internalDoFilter(ApplicationFilterChain.java:185)
		at org.apache.catalina.core.ApplicationFilterChain.doFilter(ApplicationFilterChain.java:158)
		at org.apache.catalina.core.StandardWrapperValve.invoke(StandardWrapperValve.java:197)
		at org.apache.catalina.core.StandardContextValve.invoke(StandardContextValve.java:97)
		at org.apache.catalina.authenticator.AuthenticatorBase.invoke(AuthenticatorBase.java:541)
		at org.apache.catalina.core.StandardHostValve.invoke(StandardHostValve.java:119)
		at org.apache.catalina.valves.ErrorReportValve.invoke(ErrorReportValve.java:92)
		at org.apache.catalina.valves.AbstractAccessLogValve.invoke(AbstractAccessLogValve.java:690)
		at org.apache.catalina.core.StandardEngineValve.invoke(StandardEngineValve.java:78)
		at org.apache.catalina.connector.CoyoteAdapter.service(CoyoteAdapter.java:355)
		at org.apache.coyote.http11.Http11Processor.service(Http11Processor.java:399)
		at org.apache.coyote.AbstractProcessorLight.process(AbstractProcessorLight.java:65)
		at org.apache.coyote.AbstractProtocol$ConnectionHandler.process(AbstractProtocol.java:866)
		at org.apache.tomcat.util.net.NioEndpoint$SocketProcessor.doRun(NioEndpoint.java:1708)
		at org.apache.tomcat.util.net.SocketProcessorBase.run(SocketProcessorBase.java:49)
		at org.apache.tomcat.util.threads.ThreadPoolExecutor.runWorker(ThreadPoolExecutor.java:1191)
		at org.apache.tomcat.util.threads.ThreadPoolExecutor$Worker.run(ThreadPoolExecutor.java:659)
		at org.apache.tomcat.util.threads.TaskThread$WrappingRunnable.run(TaskThread.java:61)
		at java.base/java.lang.Thread.run(Thread.java:1589)
25-Mar-2024 20:22:43.618 SEVERE [http-nio-8888-exec-7] org.apache.catalina.core.StandardWrapperValve.invoke Servlet.service() for servlet [com.web.Sevlet.ResetPasswordServlet] in context with path [/DiceGame] threw exception [Unable to compile class for JSP: 

An error occurred at line: [14] in the generated java file: [/Users/houdamoudni/Desktop/DiceGame/work/Catalina/localhost/DiceGame/org/apache/jsp/WEB_002dINF/error_jsp.java]
Only a type can be imported. com.bo.Message resolves to a package

Stacktrace:] with root cause
	org.apache.jasper.JasperException: Unable to compile class for JSP: 

An error occurred at line: [14] in the generated java file: [/Users/houdamoudni/Desktop/DiceGame/work/Catalina/localhost/DiceGame/org/apache/jsp/WEB_002dINF/error_jsp.java]
Only a type can be imported. com.bo.Message resolves to a package

Stacktrace:
		at org.apache.jasper.compiler.DefaultErrorHandler.javacError(DefaultErrorHandler.java:102)
		at org.apache.jasper.compiler.ErrorDispatcher.javacError(ErrorDispatcher.java:213)
		at org.apache.jasper.compiler.JDTCompiler.generateClass(JDTCompiler.java:498)
		at org.apache.jasper.compiler.Compiler.compile(Compiler.java:397)
		at org.apache.jasper.compiler.Compiler.compile(Compiler.java:367)
		at org.apache.jasper.compiler.Compiler.compile(Compiler.java:351)
		at org.apache.jasper.JspCompilationContext.compile(JspCompilationContext.java:603)
		at org.apache.jasper.servlet.JspServletWrapper.service(JspServletWrapper.java:399)
		at org.apache.jasper.servlet.JspServlet.serviceJspFile(JspServlet.java:380)
		at org.apache.jasper.servlet.JspServlet.service(JspServlet.java:328)
		at jakarta.servlet.http.HttpServlet.service(HttpServlet.java:777)
		at org.apache.catalina.core.ApplicationFilterChain.internalDoFilter(ApplicationFilterChain.java:223)
		at org.apache.catalina.core.ApplicationFilterChain.doFilter(ApplicationFilterChain.java:158)
		at org.apache.tomcat.websocket.server.WsFilter.doFilter(WsFilter.java:53)
		at org.apache.catalina.core.ApplicationFilterChain.internalDoFilter(ApplicationFilterChain.java:185)
		at org.apache.catalina.core.ApplicationFilterChain.doFilter(ApplicationFilterChain.java:158)
		at org.apache.catalina.core.ApplicationDispatcher.invoke(ApplicationDispatcher.java:691)
		at org.apache.catalina.core.ApplicationDispatcher.processRequest(ApplicationDispatcher.java:441)
		at org.apache.catalina.core.ApplicationDispatcher.doForward(ApplicationDispatcher.java:367)
		at org.apache.catalina.core.ApplicationDispatcher.forward(ApplicationDispatcher.java:295)
		at com.web.filters.ExceptionFilter.doFilter(ExceptionFilter.java:35)
		at org.apache.catalina.core.ApplicationFilterChain.internalDoFilter(ApplicationFilterChain.java:185)
		at org.apache.catalina.core.ApplicationFilterChain.doFilter(ApplicationFilterChain.java:158)
		at org.apache.catalina.core.StandardWrapperValve.invoke(StandardWrapperValve.java:197)
		at org.apache.catalina.core.StandardContextValve.invoke(StandardContextValve.java:97)
		at org.apache.catalina.authenticator.AuthenticatorBase.invoke(AuthenticatorBase.java:541)
		at org.apache.catalina.core.StandardHostValve.invoke(StandardHostValve.java:119)
		at org.apache.catalina.valves.ErrorReportValve.invoke(ErrorReportValve.java:92)
		at org.apache.catalina.valves.AbstractAccessLogValve.invoke(AbstractAccessLogValve.java:690)
		at org.apache.catalina.core.StandardEngineValve.invoke(StandardEngineValve.java:78)
		at org.apache.catalina.connector.CoyoteAdapter.service(CoyoteAdapter.java:355)
		at org.apache.coyote.http11.Http11Processor.service(Http11Processor.java:399)
		at org.apache.coyote.AbstractProcessorLight.process(AbstractProcessorLight.java:65)
		at org.apache.coyote.AbstractProtocol$ConnectionHandler.process(AbstractProtocol.java:866)
		at org.apache.tomcat.util.net.NioEndpoint$SocketProcessor.doRun(NioEndpoint.java:1708)
		at org.apache.tomcat.util.net.SocketProcessorBase.run(SocketProcessorBase.java:49)
		at org.apache.tomcat.util.threads.ThreadPoolExecutor.runWorker(ThreadPoolExecutor.java:1191)
		at org.apache.tomcat.util.threads.ThreadPoolExecutor$Worker.run(ThreadPoolExecutor.java:659)
		at org.apache.tomcat.util.threads.TaskThread$WrappingRunnable.run(TaskThread.java:61)
		at java.base/java.lang.Thread.run(Thread.java:1589)
25-Mar-2024 20:23:11.418 SEVERE [http-nio-8888-exec-8] org.apache.catalina.core.ApplicationDispatcher.invoke Servlet.service() for servlet [jsp] threw exception
	org.apache.jasper.JasperException: Unable to compile class for JSP: 

An error occurred at line: [14] in the generated java file: [/Users/houdamoudni/Desktop/DiceGame/work/Catalina/localhost/DiceGame/org/apache/jsp/WEB_002dINF/error_jsp.java]
Only a type can be imported. com.bo.Message resolves to a package

Stacktrace:
		at org.apache.jasper.compiler.DefaultErrorHandler.javacError(DefaultErrorHandler.java:102)
		at org.apache.jasper.compiler.ErrorDispatcher.javacError(ErrorDispatcher.java:213)
		at org.apache.jasper.compiler.JDTCompiler.generateClass(JDTCompiler.java:498)
		at org.apache.jasper.compiler.Compiler.compile(Compiler.java:397)
		at org.apache.jasper.compiler.Compiler.compile(Compiler.java:367)
		at org.apache.jasper.compiler.Compiler.compile(Compiler.java:351)
		at org.apache.jasper.JspCompilationContext.compile(JspCompilationContext.java:603)
		at org.apache.jasper.servlet.JspServletWrapper.service(JspServletWrapper.java:399)
		at org.apache.jasper.servlet.JspServlet.serviceJspFile(JspServlet.java:380)
		at org.apache.jasper.servlet.JspServlet.service(JspServlet.java:328)
		at jakarta.servlet.http.HttpServlet.service(HttpServlet.java:777)
		at org.apache.catalina.core.ApplicationFilterChain.internalDoFilter(ApplicationFilterChain.java:223)
		at org.apache.catalina.core.ApplicationFilterChain.doFilter(ApplicationFilterChain.java:158)
		at org.apache.tomcat.websocket.server.WsFilter.doFilter(WsFilter.java:53)
		at org.apache.catalina.core.ApplicationFilterChain.internalDoFilter(ApplicationFilterChain.java:185)
		at org.apache.catalina.core.ApplicationFilterChain.doFilter(ApplicationFilterChain.java:158)
		at org.apache.catalina.core.ApplicationDispatcher.invoke(ApplicationDispatcher.java:691)
		at org.apache.catalina.core.ApplicationDispatcher.processRequest(ApplicationDispatcher.java:441)
		at org.apache.catalina.core.ApplicationDispatcher.doForward(ApplicationDispatcher.java:367)
		at org.apache.catalina.core.ApplicationDispatcher.forward(ApplicationDispatcher.java:295)
		at com.web.Sevlet.LoginServlet.doPost(LoginServlet.java:51)
		at jakarta.servlet.http.HttpServlet.service(HttpServlet.java:694)
		at jakarta.servlet.http.HttpServlet.service(HttpServlet.java:777)
		at org.apache.catalina.core.ApplicationFilterChain.internalDoFilter(ApplicationFilterChain.java:223)
		at org.apache.catalina.core.ApplicationFilterChain.doFilter(ApplicationFilterChain.java:158)
		at org.apache.tomcat.websocket.server.WsFilter.doFilter(WsFilter.java:53)
		at org.apache.catalina.core.ApplicationFilterChain.internalDoFilter(ApplicationFilterChain.java:185)
		at org.apache.catalina.core.ApplicationFilterChain.doFilter(ApplicationFilterChain.java:158)
		at com.web.filters.ExceptionFilter.doFilter(ExceptionFilter.java:27)
		at org.apache.catalina.core.ApplicationFilterChain.internalDoFilter(ApplicationFilterChain.java:185)
		at org.apache.catalina.core.ApplicationFilterChain.doFilter(ApplicationFilterChain.java:158)
		at org.apache.catalina.core.StandardWrapperValve.invoke(StandardWrapperValve.java:197)
		at org.apache.catalina.core.StandardContextValve.invoke(StandardContextValve.java:97)
		at org.apache.catalina.authenticator.AuthenticatorBase.invoke(AuthenticatorBase.java:541)
		at org.apache.catalina.core.StandardHostValve.invoke(StandardHostValve.java:119)
		at org.apache.catalina.valves.ErrorReportValve.invoke(ErrorReportValve.java:92)
		at org.apache.catalina.valves.AbstractAccessLogValve.invoke(AbstractAccessLogValve.java:690)
		at org.apache.catalina.core.StandardEngineValve.invoke(StandardEngineValve.java:78)
		at org.apache.catalina.connector.CoyoteAdapter.service(CoyoteAdapter.java:355)
		at org.apache.coyote.http11.Http11Processor.service(Http11Processor.java:399)
		at org.apache.coyote.AbstractProcessorLight.process(AbstractProcessorLight.java:65)
		at org.apache.coyote.AbstractProtocol$ConnectionHandler.process(AbstractProtocol.java:866)
		at org.apache.tomcat.util.net.NioEndpoint$SocketProcessor.doRun(NioEndpoint.java:1708)
		at org.apache.tomcat.util.net.SocketProcessorBase.run(SocketProcessorBase.java:49)
		at org.apache.tomcat.util.threads.ThreadPoolExecutor.runWorker(ThreadPoolExecutor.java:1191)
		at org.apache.tomcat.util.threads.ThreadPoolExecutor$Worker.run(ThreadPoolExecutor.java:659)
		at org.apache.tomcat.util.threads.TaskThread$WrappingRunnable.run(TaskThread.java:61)
		at java.base/java.lang.Thread.run(Thread.java:1589)
25-Mar-2024 20:23:11.422 SEVERE [http-nio-8888-exec-8] org.apache.catalina.core.ApplicationDispatcher.invoke Servlet.service() for servlet [jsp] threw exception
	java.lang.ClassNotFoundException: org.apache.jsp.WEB_002dINF.error_jsp
		at java.base/java.net.URLClassLoader.findClass(URLClassLoader.java:445)
		at org.apache.jasper.servlet.JasperLoader.loadClass(JasperLoader.java:129)
		at org.apache.jasper.servlet.JasperLoader.loadClass(JasperLoader.java:58)
		at org.apache.catalina.core.DefaultInstanceManager.newInstance(DefaultInstanceManager.java:159)
		at org.apache.jasper.servlet.JspServletWrapper.getServlet(JspServletWrapper.java:192)
		at org.apache.jasper.servlet.JspServletWrapper.service(JspServletWrapper.java:413)
		at org.apache.jasper.servlet.JspServlet.serviceJspFile(JspServlet.java:380)
		at org.apache.jasper.servlet.JspServlet.service(JspServlet.java:328)
		at jakarta.servlet.http.HttpServlet.service(HttpServlet.java:777)
		at org.apache.catalina.core.ApplicationFilterChain.internalDoFilter(ApplicationFilterChain.java:223)
		at org.apache.catalina.core.ApplicationFilterChain.doFilter(ApplicationFilterChain.java:158)
		at org.apache.tomcat.websocket.server.WsFilter.doFilter(WsFilter.java:53)
		at org.apache.catalina.core.ApplicationFilterChain.internalDoFilter(ApplicationFilterChain.java:185)
		at org.apache.catalina.core.ApplicationFilterChain.doFilter(ApplicationFilterChain.java:158)
		at org.apache.catalina.core.ApplicationDispatcher.invoke(ApplicationDispatcher.java:691)
		at org.apache.catalina.core.ApplicationDispatcher.processRequest(ApplicationDispatcher.java:441)
		at org.apache.catalina.core.ApplicationDispatcher.doForward(ApplicationDispatcher.java:367)
		at org.apache.catalina.core.ApplicationDispatcher.forward(ApplicationDispatcher.java:295)
		at com.web.filters.ExceptionFilter.doFilter(ExceptionFilter.java:35)
		at org.apache.catalina.core.ApplicationFilterChain.internalDoFilter(ApplicationFilterChain.java:185)
		at org.apache.catalina.core.ApplicationFilterChain.doFilter(ApplicationFilterChain.java:158)
		at org.apache.catalina.core.StandardWrapperValve.invoke(StandardWrapperValve.java:197)
		at org.apache.catalina.core.StandardContextValve.invoke(StandardContextValve.java:97)
		at org.apache.catalina.authenticator.AuthenticatorBase.invoke(AuthenticatorBase.java:541)
		at org.apache.catalina.core.StandardHostValve.invoke(StandardHostValve.java:119)
		at org.apache.catalina.valves.ErrorReportValve.invoke(ErrorReportValve.java:92)
		at org.apache.catalina.valves.AbstractAccessLogValve.invoke(AbstractAccessLogValve.java:690)
		at org.apache.catalina.core.StandardEngineValve.invoke(StandardEngineValve.java:78)
		at org.apache.catalina.connector.CoyoteAdapter.service(CoyoteAdapter.java:355)
		at org.apache.coyote.http11.Http11Processor.service(Http11Processor.java:399)
		at org.apache.coyote.AbstractProcessorLight.process(AbstractProcessorLight.java:65)
		at org.apache.coyote.AbstractProtocol$ConnectionHandler.process(AbstractProtocol.java:866)
		at org.apache.tomcat.util.net.NioEndpoint$SocketProcessor.doRun(NioEndpoint.java:1708)
		at org.apache.tomcat.util.net.SocketProcessorBase.run(SocketProcessorBase.java:49)
		at org.apache.tomcat.util.threads.ThreadPoolExecutor.runWorker(ThreadPoolExecutor.java:1191)
		at org.apache.tomcat.util.threads.ThreadPoolExecutor$Worker.run(ThreadPoolExecutor.java:659)
		at org.apache.tomcat.util.threads.TaskThread$WrappingRunnable.run(TaskThread.java:61)
		at java.base/java.lang.Thread.run(Thread.java:1589)
25-Mar-2024 20:23:11.422 SEVERE [http-nio-8888-exec-8] org.apache.catalina.core.StandardWrapperValve.invoke Servlet.service() for servlet [com.web.Sevlet.LoginServlet] in context with path [/DiceGame] threw exception [org.apache.jasper.JasperException: java.lang.ClassNotFoundException: org.apache.jsp.WEB_002dINF.error_jsp] with root cause
	java.lang.ClassNotFoundException: org.apache.jsp.WEB_002dINF.error_jsp
		at java.base/java.net.URLClassLoader.findClass(URLClassLoader.java:445)
		at org.apache.jasper.servlet.JasperLoader.loadClass(JasperLoader.java:129)
		at org.apache.jasper.servlet.JasperLoader.loadClass(JasperLoader.java:58)
		at org.apache.catalina.core.DefaultInstanceManager.newInstance(DefaultInstanceManager.java:159)
		at org.apache.jasper.servlet.JspServletWrapper.getServlet(JspServletWrapper.java:192)
		at org.apache.jasper.servlet.JspServletWrapper.service(JspServletWrapper.java:413)
		at org.apache.jasper.servlet.JspServlet.serviceJspFile(JspServlet.java:380)
		at org.apache.jasper.servlet.JspServlet.service(JspServlet.java:328)
		at jakarta.servlet.http.HttpServlet.service(HttpServlet.java:777)
		at org.apache.catalina.core.ApplicationFilterChain.internalDoFilter(ApplicationFilterChain.java:223)
		at org.apache.catalina.core.ApplicationFilterChain.doFilter(ApplicationFilterChain.java:158)
		at org.apache.tomcat.websocket.server.WsFilter.doFilter(WsFilter.java:53)
		at org.apache.catalina.core.ApplicationFilterChain.internalDoFilter(ApplicationFilterChain.java:185)
		at org.apache.catalina.core.ApplicationFilterChain.doFilter(ApplicationFilterChain.java:158)
		at org.apache.catalina.core.ApplicationDispatcher.invoke(ApplicationDispatcher.java:691)
		at org.apache.catalina.core.ApplicationDispatcher.processRequest(ApplicationDispatcher.java:441)
		at org.apache.catalina.core.ApplicationDispatcher.doForward(ApplicationDispatcher.java:367)
		at org.apache.catalina.core.ApplicationDispatcher.forward(ApplicationDispatcher.java:295)
		at com.web.filters.ExceptionFilter.doFilter(ExceptionFilter.java:35)
		at org.apache.catalina.core.ApplicationFilterChain.internalDoFilter(ApplicationFilterChain.java:185)
		at org.apache.catalina.core.ApplicationFilterChain.doFilter(ApplicationFilterChain.java:158)
		at org.apache.catalina.core.StandardWrapperValve.invoke(StandardWrapperValve.java:197)
		at org.apache.catalina.core.StandardContextValve.invoke(StandardContextValve.java:97)
		at org.apache.catalina.authenticator.AuthenticatorBase.invoke(AuthenticatorBase.java:541)
		at org.apache.catalina.core.StandardHostValve.invoke(StandardHostValve.java:119)
		at org.apache.catalina.valves.ErrorReportValve.invoke(ErrorReportValve.java:92)
		at org.apache.catalina.valves.AbstractAccessLogValve.invoke(AbstractAccessLogValve.java:690)
		at org.apache.catalina.core.StandardEngineValve.invoke(StandardEngineValve.java:78)
		at org.apache.catalina.connector.CoyoteAdapter.service(CoyoteAdapter.java:355)
		at org.apache.coyote.http11.Http11Processor.service(Http11Processor.java:399)
		at org.apache.coyote.AbstractProcessorLight.process(AbstractProcessorLight.java:65)
		at org.apache.coyote.AbstractProtocol$ConnectionHandler.process(AbstractProtocol.java:866)
		at org.apache.tomcat.util.net.NioEndpoint$SocketProcessor.doRun(NioEndpoint.java:1708)
		at org.apache.tomcat.util.net.SocketProcessorBase.run(SocketProcessorBase.java:49)
		at org.apache.tomcat.util.threads.ThreadPoolExecutor.runWorker(ThreadPoolExecutor.java:1191)
		at org.apache.tomcat.util.threads.ThreadPoolExecutor$Worker.run(ThreadPoolExecutor.java:659)
		at org.apache.tomcat.util.threads.TaskThread$WrappingRunnable.run(TaskThread.java:61)
		at java.base/java.lang.Thread.run(Thread.java:1589)
25-Mar-2024 20:27:35.416 SEVERE [http-nio-8888-exec-7] org.apache.catalina.core.ApplicationDispatcher.invoke Servlet.service() for servlet [jsp] threw exception
	org.apache.jasper.JasperException: /WEB-INF/resetpassword.jsp (line: [9], column: [1]) Page directive: illegal to have multiple occurrences of 'contentType' with different values (old: [text/html;charset=UTF-8], new: [text/html; charset=ISO-8859-1])
		at org.apache.jasper.compiler.DefaultErrorHandler.jspError(DefaultErrorHandler.java:41)
		at org.apache.jasper.compiler.ErrorDispatcher.dispatch(ErrorDispatcher.java:292)
		at org.apache.jasper.compiler.ErrorDispatcher.jspError(ErrorDispatcher.java:115)
		at org.apache.jasper.compiler.Validator$DirectiveVisitor.visit(Validator.java:139)
		at org.apache.jasper.compiler.Node$PageDirective.accept(Node.java:582)
		at org.apache.jasper.compiler.Node$Nodes.visit(Node.java:2387)
		at org.apache.jasper.compiler.Node$Visitor.visitBody(Node.java:2439)
		at org.apache.jasper.compiler.Node$Visitor.visit(Node.java:2445)
		at org.apache.jasper.compiler.Node$Root.accept(Node.java:473)
		at org.apache.jasper.compiler.Node$Nodes.visit(Node.java:2387)
		at org.apache.jasper.compiler.Validator.validateDirectives(Validator.java:1829)
		at org.apache.jasper.compiler.Compiler.generateJava(Compiler.java:203)
		at org.apache.jasper.compiler.Compiler.compile(Compiler.java:391)
		at org.apache.jasper.compiler.Compiler.compile(Compiler.java:367)
		at org.apache.jasper.compiler.Compiler.compile(Compiler.java:351)
		at org.apache.jasper.JspCompilationContext.compile(JspCompilationContext.java:603)
		at org.apache.jasper.servlet.JspServletWrapper.service(JspServletWrapper.java:399)
		at org.apache.jasper.servlet.JspServlet.serviceJspFile(JspServlet.java:380)
		at org.apache.jasper.servlet.JspServlet.service(JspServlet.java:328)
		at jakarta.servlet.http.HttpServlet.service(HttpServlet.java:777)
		at org.apache.catalina.core.ApplicationFilterChain.internalDoFilter(ApplicationFilterChain.java:223)
		at org.apache.catalina.core.ApplicationFilterChain.doFilter(ApplicationFilterChain.java:158)
		at org.apache.tomcat.websocket.server.WsFilter.doFilter(WsFilter.java:53)
		at org.apache.catalina.core.ApplicationFilterChain.internalDoFilter(ApplicationFilterChain.java:185)
		at org.apache.catalina.core.ApplicationFilterChain.doFilter(ApplicationFilterChain.java:158)
		at org.apache.catalina.core.ApplicationDispatcher.invoke(ApplicationDispatcher.java:691)
		at org.apache.catalina.core.ApplicationDispatcher.processRequest(ApplicationDispatcher.java:441)
		at org.apache.catalina.core.ApplicationDispatcher.doForward(ApplicationDispatcher.java:367)
		at org.apache.catalina.core.ApplicationDispatcher.forward(ApplicationDispatcher.java:295)
		at com.web.Sevlet.ResetPasswordServlet.doGet(ResetPasswordServlet.java:26)
		at jakarta.servlet.http.HttpServlet.service(HttpServlet.java:668)
		at jakarta.servlet.http.HttpServlet.service(HttpServlet.java:777)
		at org.apache.catalina.core.ApplicationFilterChain.internalDoFilter(ApplicationFilterChain.java:223)
		at org.apache.catalina.core.ApplicationFilterChain.doFilter(ApplicationFilterChain.java:158)
		at org.apache.tomcat.websocket.server.WsFilter.doFilter(WsFilter.java:53)
		at org.apache.catalina.core.ApplicationFilterChain.internalDoFilter(ApplicationFilterChain.java:185)
		at org.apache.catalina.core.ApplicationFilterChain.doFilter(ApplicationFilterChain.java:158)
		at com.web.filters.ExceptionFilter.doFilter(ExceptionFilter.java:27)
		at org.apache.catalina.core.ApplicationFilterChain.internalDoFilter(ApplicationFilterChain.java:185)
		at org.apache.catalina.core.ApplicationFilterChain.doFilter(ApplicationFilterChain.java:158)
		at org.apache.catalina.core.StandardWrapperValve.invoke(StandardWrapperValve.java:197)
		at org.apache.catalina.core.StandardContextValve.invoke(StandardContextValve.java:97)
		at org.apache.catalina.authenticator.AuthenticatorBase.invoke(AuthenticatorBase.java:541)
		at org.apache.catalina.core.StandardHostValve.invoke(StandardHostValve.java:119)
		at org.apache.catalina.valves.ErrorReportValve.invoke(ErrorReportValve.java:92)
		at org.apache.catalina.valves.AbstractAccessLogValve.invoke(AbstractAccessLogValve.java:690)
		at org.apache.catalina.core.StandardEngineValve.invoke(StandardEngineValve.java:78)
		at org.apache.catalina.connector.CoyoteAdapter.service(CoyoteAdapter.java:355)
		at org.apache.coyote.http11.Http11Processor.service(Http11Processor.java:399)
		at org.apache.coyote.AbstractProcessorLight.process(AbstractProcessorLight.java:65)
		at org.apache.coyote.AbstractProtocol$ConnectionHandler.process(AbstractProtocol.java:866)
		at org.apache.tomcat.util.net.NioEndpoint$SocketProcessor.doRun(NioEndpoint.java:1708)
		at org.apache.tomcat.util.net.SocketProcessorBase.run(SocketProcessorBase.java:49)
		at org.apache.tomcat.util.threads.ThreadPoolExecutor.runWorker(ThreadPoolExecutor.java:1191)
		at org.apache.tomcat.util.threads.ThreadPoolExecutor$Worker.run(ThreadPoolExecutor.java:659)
		at org.apache.tomcat.util.threads.TaskThread$WrappingRunnable.run(TaskThread.java:61)
		at java.base/java.lang.Thread.run(Thread.java:1589)
25-Mar-2024 20:29:05.484 SEVERE [http-nio-8888-exec-7] org.apache.catalina.core.ApplicationDispatcher.invoke Servlet.service() for servlet [jsp] threw exception
	org.apache.jasper.JasperException: /WEB-INF/resetpassword.jsp (line: [9], column: [1]) Page directive: illegal to have multiple occurrences of 'contentType' with different values (old: [text/html;charset=UTF-8], new: [text/html; charset=ISO-8859-1])
		at org.apache.jasper.compiler.DefaultErrorHandler.jspError(DefaultErrorHandler.java:41)
		at org.apache.jasper.compiler.ErrorDispatcher.dispatch(ErrorDispatcher.java:292)
		at org.apache.jasper.compiler.ErrorDispatcher.jspError(ErrorDispatcher.java:115)
		at org.apache.jasper.compiler.Validator$DirectiveVisitor.visit(Validator.java:139)
		at org.apache.jasper.compiler.Node$PageDirective.accept(Node.java:582)
		at org.apache.jasper.compiler.Node$Nodes.visit(Node.java:2387)
		at org.apache.jasper.compiler.Node$Visitor.visitBody(Node.java:2439)
		at org.apache.jasper.compiler.Node$Visitor.visit(Node.java:2445)
		at org.apache.jasper.compiler.Node$Root.accept(Node.java:473)
		at org.apache.jasper.compiler.Node$Nodes.visit(Node.java:2387)
		at org.apache.jasper.compiler.Validator.validateDirectives(Validator.java:1829)
		at org.apache.jasper.compiler.Compiler.generateJava(Compiler.java:203)
		at org.apache.jasper.compiler.Compiler.compile(Compiler.java:391)
		at org.apache.jasper.compiler.Compiler.compile(Compiler.java:367)
		at org.apache.jasper.compiler.Compiler.compile(Compiler.java:351)
		at org.apache.jasper.JspCompilationContext.compile(JspCompilationContext.java:603)
		at org.apache.jasper.servlet.JspServletWrapper.service(JspServletWrapper.java:399)
		at org.apache.jasper.servlet.JspServlet.serviceJspFile(JspServlet.java:380)
		at org.apache.jasper.servlet.JspServlet.service(JspServlet.java:328)
		at jakarta.servlet.http.HttpServlet.service(HttpServlet.java:777)
		at org.apache.catalina.core.ApplicationFilterChain.internalDoFilter(ApplicationFilterChain.java:223)
		at org.apache.catalina.core.ApplicationFilterChain.doFilter(ApplicationFilterChain.java:158)
		at org.apache.tomcat.websocket.server.WsFilter.doFilter(WsFilter.java:53)
		at org.apache.catalina.core.ApplicationFilterChain.internalDoFilter(ApplicationFilterChain.java:185)
		at org.apache.catalina.core.ApplicationFilterChain.doFilter(ApplicationFilterChain.java:158)
		at org.apache.catalina.core.ApplicationDispatcher.invoke(ApplicationDispatcher.java:691)
		at org.apache.catalina.core.ApplicationDispatcher.processRequest(ApplicationDispatcher.java:441)
		at org.apache.catalina.core.ApplicationDispatcher.doForward(ApplicationDispatcher.java:367)
		at org.apache.catalina.core.ApplicationDispatcher.forward(ApplicationDispatcher.java:295)
		at com.web.Sevlet.ResetPasswordServlet.doGet(ResetPasswordServlet.java:26)
		at jakarta.servlet.http.HttpServlet.service(HttpServlet.java:668)
		at jakarta.servlet.http.HttpServlet.service(HttpServlet.java:777)
		at org.apache.catalina.core.ApplicationFilterChain.internalDoFilter(ApplicationFilterChain.java:223)
		at org.apache.catalina.core.ApplicationFilterChain.doFilter(ApplicationFilterChain.java:158)
		at org.apache.tomcat.websocket.server.WsFilter.doFilter(WsFilter.java:53)
		at org.apache.catalina.core.ApplicationFilterChain.internalDoFilter(ApplicationFilterChain.java:185)
		at org.apache.catalina.core.ApplicationFilterChain.doFilter(ApplicationFilterChain.java:158)
		at com.web.filters.ExceptionFilter.doFilter(ExceptionFilter.java:27)
		at org.apache.catalina.core.ApplicationFilterChain.internalDoFilter(ApplicationFilterChain.java:185)
		at org.apache.catalina.core.ApplicationFilterChain.doFilter(ApplicationFilterChain.java:158)
		at org.apache.catalina.core.StandardWrapperValve.invoke(StandardWrapperValve.java:197)
		at org.apache.catalina.core.StandardContextValve.invoke(StandardContextValve.java:97)
		at org.apache.catalina.authenticator.AuthenticatorBase.invoke(AuthenticatorBase.java:541)
		at org.apache.catalina.core.StandardHostValve.invoke(StandardHostValve.java:119)
		at org.apache.catalina.valves.ErrorReportValve.invoke(ErrorReportValve.java:92)
		at org.apache.catalina.valves.AbstractAccessLogValve.invoke(AbstractAccessLogValve.java:690)
		at org.apache.catalina.core.StandardEngineValve.invoke(StandardEngineValve.java:78)
		at org.apache.catalina.connector.CoyoteAdapter.service(CoyoteAdapter.java:355)
		at org.apache.coyote.http11.Http11Processor.service(Http11Processor.java:399)
		at org.apache.coyote.AbstractProcessorLight.process(AbstractProcessorLight.java:65)
		at org.apache.coyote.AbstractProtocol$ConnectionHandler.process(AbstractProtocol.java:866)
		at org.apache.tomcat.util.net.NioEndpoint$SocketProcessor.doRun(NioEndpoint.java:1708)
		at org.apache.tomcat.util.net.SocketProcessorBase.run(SocketProcessorBase.java:49)
		at org.apache.tomcat.util.threads.ThreadPoolExecutor.runWorker(ThreadPoolExecutor.java:1191)
		at org.apache.tomcat.util.threads.ThreadPoolExecutor$Worker.run(ThreadPoolExecutor.java:659)
		at org.apache.tomcat.util.threads.TaskThread$WrappingRunnable.run(TaskThread.java:61)
		at java.base/java.lang.Thread.run(Thread.java:1589)
25-Mar-2024 20:31:01.148 SEVERE [http-nio-8888-exec-1] org.apache.catalina.core.ApplicationDispatcher.invoke Servlet.service() for servlet [jsp] threw exception
	org.apache.jasper.JasperException: /WEB-INF/resetpassword.jsp (line: [9], column: [1]) Page directive: illegal to have multiple occurrences of 'contentType' with different values (old: [text/html;charset=UTF-8], new: [text/html; charset=ISO-8859-1])
		at org.apache.jasper.compiler.DefaultErrorHandler.jspError(DefaultErrorHandler.java:41)
		at org.apache.jasper.compiler.ErrorDispatcher.dispatch(ErrorDispatcher.java:292)
		at org.apache.jasper.compiler.ErrorDispatcher.jspError(ErrorDispatcher.java:115)
		at org.apache.jasper.compiler.Validator$DirectiveVisitor.visit(Validator.java:139)
		at org.apache.jasper.compiler.Node$PageDirective.accept(Node.java:582)
		at org.apache.jasper.compiler.Node$Nodes.visit(Node.java:2387)
		at org.apache.jasper.compiler.Node$Visitor.visitBody(Node.java:2439)
		at org.apache.jasper.compiler.Node$Visitor.visit(Node.java:2445)
		at org.apache.jasper.compiler.Node$Root.accept(Node.java:473)
		at org.apache.jasper.compiler.Node$Nodes.visit(Node.java:2387)
		at org.apache.jasper.compiler.Validator.validateDirectives(Validator.java:1829)
		at org.apache.jasper.compiler.Compiler.generateJava(Compiler.java:203)
		at org.apache.jasper.compiler.Compiler.compile(Compiler.java:391)
		at org.apache.jasper.compiler.Compiler.compile(Compiler.java:367)
		at org.apache.jasper.compiler.Compiler.compile(Compiler.java:351)
		at org.apache.jasper.JspCompilationContext.compile(JspCompilationContext.java:603)
		at org.apache.jasper.servlet.JspServletWrapper.service(JspServletWrapper.java:399)
		at org.apache.jasper.servlet.JspServlet.serviceJspFile(JspServlet.java:380)
		at org.apache.jasper.servlet.JspServlet.service(JspServlet.java:328)
		at jakarta.servlet.http.HttpServlet.service(HttpServlet.java:777)
		at org.apache.catalina.core.ApplicationFilterChain.internalDoFilter(ApplicationFilterChain.java:223)
		at org.apache.catalina.core.ApplicationFilterChain.doFilter(ApplicationFilterChain.java:158)
		at org.apache.tomcat.websocket.server.WsFilter.doFilter(WsFilter.java:53)
		at org.apache.catalina.core.ApplicationFilterChain.internalDoFilter(ApplicationFilterChain.java:185)
		at org.apache.catalina.core.ApplicationFilterChain.doFilter(ApplicationFilterChain.java:158)
		at org.apache.catalina.core.ApplicationDispatcher.invoke(ApplicationDispatcher.java:691)
		at org.apache.catalina.core.ApplicationDispatcher.processRequest(ApplicationDispatcher.java:441)
		at org.apache.catalina.core.ApplicationDispatcher.doForward(ApplicationDispatcher.java:367)
		at org.apache.catalina.core.ApplicationDispatcher.forward(ApplicationDispatcher.java:295)
		at com.web.Sevlet.ResetPasswordServlet.doGet(ResetPasswordServlet.java:26)
		at jakarta.servlet.http.HttpServlet.service(HttpServlet.java:668)
		at jakarta.servlet.http.HttpServlet.service(HttpServlet.java:777)
		at org.apache.catalina.core.ApplicationFilterChain.internalDoFilter(ApplicationFilterChain.java:223)
		at org.apache.catalina.core.ApplicationFilterChain.doFilter(ApplicationFilterChain.java:158)
		at org.apache.tomcat.websocket.server.WsFilter.doFilter(WsFilter.java:53)
		at org.apache.catalina.core.ApplicationFilterChain.internalDoFilter(ApplicationFilterChain.java:185)
		at org.apache.catalina.core.ApplicationFilterChain.doFilter(ApplicationFilterChain.java:158)
		at com.web.filters.ExceptionFilter.doFilter(ExceptionFilter.java:27)
		at org.apache.catalina.core.ApplicationFilterChain.internalDoFilter(ApplicationFilterChain.java:185)
		at org.apache.catalina.core.ApplicationFilterChain.doFilter(ApplicationFilterChain.java:158)
		at org.apache.catalina.core.StandardWrapperValve.invoke(StandardWrapperValve.java:197)
		at org.apache.catalina.core.StandardContextValve.invoke(StandardContextValve.java:97)
		at org.apache.catalina.authenticator.AuthenticatorBase.invoke(AuthenticatorBase.java:541)
		at org.apache.catalina.core.StandardHostValve.invoke(StandardHostValve.java:119)
		at org.apache.catalina.valves.ErrorReportValve.invoke(ErrorReportValve.java:92)
		at org.apache.catalina.valves.AbstractAccessLogValve.invoke(AbstractAccessLogValve.java:690)
		at org.apache.catalina.core.StandardEngineValve.invoke(StandardEngineValve.java:78)
		at org.apache.catalina.connector.CoyoteAdapter.service(CoyoteAdapter.java:355)
		at org.apache.coyote.http11.Http11Processor.service(Http11Processor.java:399)
		at org.apache.coyote.AbstractProcessorLight.process(AbstractProcessorLight.java:65)
		at org.apache.coyote.AbstractProtocol$ConnectionHandler.process(AbstractProtocol.java:866)
		at org.apache.tomcat.util.net.NioEndpoint$SocketProcessor.doRun(NioEndpoint.java:1708)
		at org.apache.tomcat.util.net.SocketProcessorBase.run(SocketProcessorBase.java:49)
		at org.apache.tomcat.util.threads.ThreadPoolExecutor.runWorker(ThreadPoolExecutor.java:1191)
		at org.apache.tomcat.util.threads.ThreadPoolExecutor$Worker.run(ThreadPoolExecutor.java:659)
		at org.apache.tomcat.util.threads.TaskThread$WrappingRunnable.run(TaskThread.java:61)
		at java.base/java.lang.Thread.run(Thread.java:1589)
25-Mar-2024 20:33:05.319 SEVERE [http-nio-8888-exec-7] org.apache.catalina.core.ApplicationDispatcher.invoke Servlet.service() for servlet [jsp] threw exception
	org.apache.jasper.JasperException: /WEB-INF/resetpassword.jsp (line: [9], column: [1]) Page directive: illegal to have multiple occurrences of 'contentType' with different values (old: [text/html;charset=UTF-8], new: [text/html; charset=ISO-8859-1])
		at org.apache.jasper.compiler.DefaultErrorHandler.jspError(DefaultErrorHandler.java:41)
		at org.apache.jasper.compiler.ErrorDispatcher.dispatch(ErrorDispatcher.java:292)
		at org.apache.jasper.compiler.ErrorDispatcher.jspError(ErrorDispatcher.java:115)
		at org.apache.jasper.compiler.Validator$DirectiveVisitor.visit(Validator.java:139)
		at org.apache.jasper.compiler.Node$PageDirective.accept(Node.java:582)
		at org.apache.jasper.compiler.Node$Nodes.visit(Node.java:2387)
		at org.apache.jasper.compiler.Node$Visitor.visitBody(Node.java:2439)
		at org.apache.jasper.compiler.Node$Visitor.visit(Node.java:2445)
		at org.apache.jasper.compiler.Node$Root.accept(Node.java:473)
		at org.apache.jasper.compiler.Node$Nodes.visit(Node.java:2387)
		at org.apache.jasper.compiler.Validator.validateDirectives(Validator.java:1829)
		at org.apache.jasper.compiler.Compiler.generateJava(Compiler.java:203)
		at org.apache.jasper.compiler.Compiler.compile(Compiler.java:391)
		at org.apache.jasper.compiler.Compiler.compile(Compiler.java:367)
		at org.apache.jasper.compiler.Compiler.compile(Compiler.java:351)
		at org.apache.jasper.JspCompilationContext.compile(JspCompilationContext.java:603)
		at org.apache.jasper.servlet.JspServletWrapper.service(JspServletWrapper.java:399)
		at org.apache.jasper.servlet.JspServlet.serviceJspFile(JspServlet.java:380)
		at org.apache.jasper.servlet.JspServlet.service(JspServlet.java:328)
		at jakarta.servlet.http.HttpServlet.service(HttpServlet.java:777)
		at org.apache.catalina.core.ApplicationFilterChain.internalDoFilter(ApplicationFilterChain.java:223)
		at org.apache.catalina.core.ApplicationFilterChain.doFilter(ApplicationFilterChain.java:158)
		at org.apache.tomcat.websocket.server.WsFilter.doFilter(WsFilter.java:53)
		at org.apache.catalina.core.ApplicationFilterChain.internalDoFilter(ApplicationFilterChain.java:185)
		at org.apache.catalina.core.ApplicationFilterChain.doFilter(ApplicationFilterChain.java:158)
		at org.apache.catalina.core.ApplicationDispatcher.invoke(ApplicationDispatcher.java:691)
		at org.apache.catalina.core.ApplicationDispatcher.processRequest(ApplicationDispatcher.java:441)
		at org.apache.catalina.core.ApplicationDispatcher.doForward(ApplicationDispatcher.java:367)
		at org.apache.catalina.core.ApplicationDispatcher.forward(ApplicationDispatcher.java:295)
		at com.web.Sevlet.ResetPasswordServlet.doGet(ResetPasswordServlet.java:27)
		at jakarta.servlet.http.HttpServlet.service(HttpServlet.java:668)
		at jakarta.servlet.http.HttpServlet.service(HttpServlet.java:777)
		at org.apache.catalina.core.ApplicationFilterChain.internalDoFilter(ApplicationFilterChain.java:223)
		at org.apache.catalina.core.ApplicationFilterChain.doFilter(ApplicationFilterChain.java:158)
		at org.apache.tomcat.websocket.server.WsFilter.doFilter(WsFilter.java:53)
		at org.apache.catalina.core.ApplicationFilterChain.internalDoFilter(ApplicationFilterChain.java:185)
		at org.apache.catalina.core.ApplicationFilterChain.doFilter(ApplicationFilterChain.java:158)
		at com.web.filters.ExceptionFilter.doFilter(ExceptionFilter.java:27)
		at org.apache.catalina.core.ApplicationFilterChain.internalDoFilter(ApplicationFilterChain.java:185)
		at org.apache.catalina.core.ApplicationFilterChain.doFilter(ApplicationFilterChain.java:158)
		at org.apache.catalina.core.StandardWrapperValve.invoke(StandardWrapperValve.java:197)
		at org.apache.catalina.core.StandardContextValve.invoke(StandardContextValve.java:97)
		at org.apache.catalina.authenticator.AuthenticatorBase.invoke(AuthenticatorBase.java:541)
		at org.apache.catalina.core.StandardHostValve.invoke(StandardHostValve.java:119)
		at org.apache.catalina.valves.ErrorReportValve.invoke(ErrorReportValve.java:92)
		at org.apache.catalina.valves.AbstractAccessLogValve.invoke(AbstractAccessLogValve.java:690)
		at org.apache.catalina.core.StandardEngineValve.invoke(StandardEngineValve.java:78)
		at org.apache.catalina.connector.CoyoteAdapter.service(CoyoteAdapter.java:355)
		at org.apache.coyote.http11.Http11Processor.service(Http11Processor.java:399)
		at org.apache.coyote.AbstractProcessorLight.process(AbstractProcessorLight.java:65)
		at org.apache.coyote.AbstractProtocol$ConnectionHandler.process(AbstractProtocol.java:866)
		at org.apache.tomcat.util.net.NioEndpoint$SocketProcessor.doRun(NioEndpoint.java:1708)
		at org.apache.tomcat.util.net.SocketProcessorBase.run(SocketProcessorBase.java:49)
		at org.apache.tomcat.util.threads.ThreadPoolExecutor.runWorker(ThreadPoolExecutor.java:1191)
		at org.apache.tomcat.util.threads.ThreadPoolExecutor$Worker.run(ThreadPoolExecutor.java:659)
		at org.apache.tomcat.util.threads.TaskThread$WrappingRunnable.run(TaskThread.java:61)
		at java.base/java.lang.Thread.run(Thread.java:1589)
